# JRE version: Java(TM) SE Runtime Environment (21.0.8+12) (build 21.0.8+12-LTS-250)
# Java VM: Java HotSpot(TM) 64-Bit Server VM (21.0.8+12-LTS-250, mixed mode, sharing, tiered, compressed oops, compressed class ptrs, g1 gc, windows-amd64)
GC Precious Log:
 CardTable entry size: 512
 Card Set container configuration: InlinePtr #cards 4 size 8 Array Of Cards #cards 64 size 144 Howl #buckets 8 coarsen threshold 14745 Howl Bitmap #cards 2048 size 272 coarsen threshold 1843 Card regions per heap region 1 cards per card region 16384
 CPUs: 8 total, 8 available
 Memory: 7863M
 Large Page Support: Disabled
 NUMA Support: Disabled
 Compressed Oops: Enabled (Zero based)
 Heap Region Size: 8M
 Heap Min Capacity: 8M
 Heap Initial Capacity: 128M
 Heap Max Capacity: 12G
 Pre-touch: Disabled
 Parallel Workers: 8
 Concurrent Workers: 2
 Concurrent Refinement Workers: 8
 Periodic GC: Disabled
Heap:
 garbage-first heap   total 2736128K, used 1139826K [0x0000000380000000, 0x0000000680000000)
  region size 8192K, 12 young (98304K), 12 survivors (98304K)
 Metaspace       used 117768K, committed 121152K, reserved 1179648K
  class space    used 15499K, committed 17152K, reserved 1048576K
GC Heap History (20 events):
Event: 188.880 GC heap after
{Heap after GC invocations=81 (full 0):
 garbage-first heap   total 1286144K, used 513032K [0x0000000380000000, 0x0000000680000000)
  region size 8192K, 10 young (81920K), 10 survivors (81920K)
 Metaspace       used 117733K, committed 121088K, reserved 1179648K
  class space    used 15497K, committed 17152K, reserved 1048576K
}
Event: 191.947 GC heap before
{Heap before GC invocations=81 (full 0):
 garbage-first heap   total 1286144K, used 1029128K [0x0000000380000000, 0x0000000680000000)
  region size 8192K, 74 young (606208K), 10 survivors (81920K)
 Metaspace       used 117738K, committed 121088K, reserved 1179648K
  class space    used 15498K, committed 17152K, reserved 1048576K
}
Event: 192.194 GC heap after
{Heap after GC invocations=82 (full 0):
 garbage-first heap   total 1286144K, used 573846K [0x0000000380000000, 0x0000000680000000)
  region size 8192K, 8 young (65536K), 8 survivors (65536K)
 Metaspace       used 117738K, committed 121088K, reserved 1179648K
  class space    used 15498K, committed 17152K, reserved 1048576K
}
Event: 193.823 GC heap before
{Heap before GC invocations=82 (full 0):
 garbage-first heap   total 1286144K, used 967062K [0x0000000380000000, 0x0000000680000000)
  region size 8192K, 56 young (458752K), 8 survivors (65536K)
 Metaspace       used 117738K, committed 121088K, reserved 1179648K
  class space    used 15498K, committed 17152K, reserved 1048576K
}
Event: 193.911 GC heap after
{Heap after GC invocations=83 (full 0):
 garbage-first heap   total 1744896K, used 625694K [0x0000000380000000, 0x0000000680000000)
  region size 8192K, 6 young (49152K), 6 survivors (49152K)
 Metaspace       used 117738K, committed 121088K, reserved 1179648K
  class space    used 15498K, committed 17152K, reserved 1048576K
}
Event: 195.307 GC heap before
{Heap before GC invocations=83 (full 0):
 garbage-first heap   total 1744896K, used 1199134K [0x0000000380000000, 0x0000000680000000)
  region size 8192K, 76 young (622592K), 6 survivors (49152K)
 Metaspace       used 117738K, committed 121088K, reserved 1179648K
  class space    used 15498K, committed 17152K, reserved 1048576K
}
Event: 195.409 GC heap after
{Heap after GC invocations=84 (full 0):
 garbage-first heap   total 1744896K, used 716820K [0x0000000380000000, 0x0000000680000000)
  region size 8192K, 10 young (81920K), 10 survivors (81920K)
 Metaspace       used 117738K, committed 121088K, reserved 1179648K
  class space    used 15498K, committed 17152K, reserved 1048576K
}
Event: 196.350 GC heap before
{Heap before GC invocations=84 (full 0):
 garbage-first heap   total 1744896K, used 1200148K [0x0000000380000000, 0x0000000680000000)
  region size 8192K, 70 young (573440K), 10 survivors (81920K)
 Metaspace       used 117738K, committed 121088K, reserved 1179648K
  class space    used 15498K, committed 17152K, reserved 1048576K
}
Event: 196.452 GC heap after
{Heap after GC invocations=85 (full 0):
 garbage-first heap   total 1744896K, used 789886K [0x0000000380000000, 0x0000000680000000)
  region size 8192K, 9 young (73728K), 9 survivors (73728K)
 Metaspace       used 117738K, committed 121088K, reserved 1179648K
  class space    used 15498K, committed 17152K, reserved 1048576K
}
Event: 199.775 GC heap before
{Heap before GC invocations=85 (full 0):
 garbage-first heap   total 1744896K, used 1412478K [0x0000000380000000, 0x0000000680000000)
  region size 8192K, 86 young (704512K), 9 survivors (73728K)
 Metaspace       used 117740K, committed 121088K, reserved 1179648K
  class space    used 15498K, committed 17152K, reserved 1048576K
}
Event: 199.926 GC heap after
{Heap after GC invocations=86 (full 0):
 garbage-first heap   total 1744896K, used 865251K [0x0000000380000000, 0x0000000680000000)
  region size 8192K, 10 young (81920K), 10 survivors (81920K)
 Metaspace       used 117740K, committed 121088K, reserved 1179648K
  class space    used 15498K, committed 17152K, reserved 1048576K
}
Event: 202.896 GC heap before
{Heap before GC invocations=86 (full 0):
 garbage-first heap   total 1744896K, used 1463267K [0x0000000380000000, 0x0000000680000000)
  region size 8192K, 84 young (688128K), 10 survivors (81920K)
 Metaspace       used 117740K, committed 121088K, reserved 1179648K
  class space    used 15498K, committed 17152K, reserved 1048576K
}
Event: 203.193 GC heap after
{Heap after GC invocations=87 (full 0):
 garbage-first heap   total 2736128K, used 917569K [0x0000000380000000, 0x0000000680000000)
  region size 8192K, 7 young (57344K), 7 survivors (57344K)
 Metaspace       used 117740K, committed 121088K, reserved 1179648K
  class space    used 15498K, committed 17152K, reserved 1048576K
}
Event: 205.277 GC heap before
{Heap before GC invocations=87 (full 0):
 garbage-first heap   total 2736128K, used 1359937K [0x0000000380000000, 0x0000000680000000)
  region size 8192K, 62 young (507904K), 7 survivors (57344K)
 Metaspace       used 117740K, committed 121088K, reserved 1179648K
  class space    used 15498K, committed 17152K, reserved 1048576K
}
Event: 205.395 GC heap after
{Heap after GC invocations=88 (full 0):
 garbage-first heap   total 2736128K, used 965759K [0x0000000380000000, 0x0000000680000000)
  region size 8192K, 6 young (49152K), 6 survivors (49152K)
 Metaspace       used 117740K, committed 121088K, reserved 1179648K
  class space    used 15498K, committed 17152K, reserved 1048576K
}
Event: 207.881 GC heap before
{Heap before GC invocations=88 (full 0):
 garbage-first heap   total 2736128K, used 1555583K [0x0000000380000000, 0x0000000680000000)
  region size 8192K, 77 young (630784K), 6 survivors (49152K)
 Metaspace       used 117743K, committed 121088K, reserved 1179648K
  class space    used 15498K, committed 17152K, reserved 1048576K
}
Event: 208.083 GC heap after
{Heap after GC invocations=89 (full 0):
 garbage-first heap   total 2736128K, used 1040066K [0x0000000380000000, 0x0000000680000000)
  region size 8192K, 10 young (81920K), 10 survivors (81920K)
 Metaspace       used 117743K, committed 121088K, reserved 1179648K
  class space    used 15498K, committed 17152K, reserved 1048576K
}
Event: 208.576 GC heap before
{Heap before GC invocations=89 (full 0):
 garbage-first heap   total 2736128K, used 1203906K [0x0000000380000000, 0x0000000680000000)
  region size 8192K, 30 young (245760K), 10 survivors (81920K)
 Metaspace       used 117743K, committed 121088K, reserved 1179648K
  class space    used 15498K, committed 17152K, reserved 1048576K
}
Event: 208.676 GC heap after
{Heap after GC invocations=90 (full 0):
 garbage-first heap   total 2736128K, used 1067545K [0x0000000380000000, 0x0000000680000000)
  region size 8192K, 3 young (24576K), 3 survivors (24576K)
 Metaspace       used 117743K, committed 121088K, reserved 1179648K
  class space    used 15498K, committed 17152K, reserved 1048576K
}
Event: 212.794 GC heap before
{Heap before GC invocations=90 (full 0):
 garbage-first heap   total 2736128K, used 1935897K [0x0000000380000000, 0x0000000680000000)
  region size 8192K, 110 young (901120K), 3 survivors (24576K)
 Metaspace       used 117768K, committed 121152K, reserved 1179648K
  class space    used 15499K, committed 17152K, reserved 1048576K
}

