# JRE version: Java(TM) SE Runtime Environment (21.0.8+12) (build 21.0.8+12-LTS-250)
# Java VM: Java HotSpot(TM) 64-Bit Server VM (21.0.8+12-LTS-250, mixed mode, sharing, tiered, compressed oops, compressed class ptrs, parallel gc, windows-amd64)
GC Precious Log:
 CardTable entry size: 512
 CPUs: 8 total, 8 available
 Memory: 7863M
 Large Page Support: Disabled
 NUMA Support: Disabled
 Compressed Oops: Enabled (32-bit)
 Alignments: Space 512K, Generation 512K, Heap 2M
 Heap Min Capacity: 1G
 Heap Initial Capacity: 1G
 Heap Max Capacity: 2G
 Pre-touch: Disabled
 Parallel Workers: 8
Heap:
 PSYoungGen      total 278528K, used 254721K [0x00000000d5580000, 0x0000000100000000, 0x0000000100000000)
  eden space 271872K, 91% used [0x00000000d5580000,0x00000000e47e72d0,0x00000000e5f00000)
  from space 6656K, 97% used [0x00000000e5f00000,0x00000000e6559160,0x00000000e6580000)
  to   space 216064K, 0% used [0x00000000f2d00000,0x00000000f2d00000,0x0000000100000000)
 ParOldGen       total 1398272K, used 1258129K [0x0000000080000000, 0x00000000d5580000, 0x00000000d5580000)
  object space 1398272K, 89% used [0x0000000080000000,0x00000000ccca4798,0x00000000d5580000)
 Metaspace       used 124838K, committed 128320K, reserved 557056K
  class space    used 16147K, committed 17856K, reserved 425984K
GC Heap History (20 events):
Event: 154.111 GC heap before
{Heap before GC invocations=44 (full 6):
 PSYoungGen      total 546304K, used 536032K [0x00000000d5580000, 0x0000000100000000, 0x0000000100000000)
  eden space 420352K, 100% used [0x00000000d5580000,0x00000000ef000000,0x00000000ef000000)
  from space 125952K, 91% used [0x00000000f8280000,0x00000000ff378218,0x00000000ffd80000)
  to   space 139264K, 0% used [0x00000000ef000000,0x00000000ef000000,0x00000000f7800000)
 ParOldGen       total 1398272K, used 1139796K [0x0000000080000000, 0x00000000d5580000, 0x00000000d5580000)
  object space 1398272K, 81% used [0x0000000080000000,0x00000000c5915250,0x00000000d5580000)
 Metaspace       used 116736K, committed 120128K, reserved 557056K
  class space    used 15325K, committed 16960K, reserved 425984K
}
Event: 154.201 GC heap after
{Heap after GC invocations=44 (full 6):
 PSYoungGen      total 559616K, used 139254K [0x00000000d5580000, 0x0000000100000000, 0x0000000100000000)
  eden space 420352K, 0% used [0x00000000d5580000,0x00000000d5580000,0x00000000ef000000)
  from space 139264K, 99% used [0x00000000ef000000,0x00000000f77fd968,0x00000000f7800000)
  to   space 139264K, 0% used [0x00000000f7800000,0x00000000f7800000,0x0000000100000000)
 ParOldGen       total 1398272K, used 1155103K [0x0000000080000000, 0x00000000d5580000, 0x00000000d5580000)
  object space 1398272K, 82% used [0x0000000080000000,0x00000000c6807c70,0x00000000d5580000)
 Metaspace       used 116736K, committed 120128K, reserved 557056K
  class space    used 15325K, committed 16960K, reserved 425984K
}
Event: 154.852 GC heap before
{Heap before GC invocations=45 (full 6):
 PSYoungGen      total 559616K, used 559606K [0x00000000d5580000, 0x0000000100000000, 0x0000000100000000)
  eden space 420352K, 100% used [0x00000000d5580000,0x00000000ef000000,0x00000000ef000000)
  from space 139264K, 99% used [0x00000000ef000000,0x00000000f77fd968,0x00000000f7800000)
  to   space 139264K, 0% used [0x00000000f7800000,0x00000000f7800000,0x0000000100000000)
 ParOldGen       total 1398272K, used 1155103K [0x0000000080000000, 0x00000000d5580000, 0x00000000d5580000)
  object space 1398272K, 82% used [0x0000000080000000,0x00000000c6807d00,0x00000000d5580000)
 Metaspace       used 116736K, committed 120128K, reserved 557056K
  class space    used 15325K, committed 16960K, reserved 425984K
}
Event: 154.949 GC heap after
{Heap after GC invocations=45 (full 6):
 PSYoungGen      total 506368K, used 103972K [0x00000000d5580000, 0x0000000100000000, 0x0000000100000000)
  eden space 367104K, 0% used [0x00000000d5580000,0x00000000d5580000,0x00000000ebc00000)
  from space 139264K, 74% used [0x00000000f7800000,0x00000000fdd89208,0x0000000100000000)
  to   space 165888K, 0% used [0x00000000ebc00000,0x00000000ebc00000,0x00000000f5e00000)
 ParOldGen       total 1398272K, used 1226092K [0x0000000080000000, 0x00000000d5580000, 0x00000000d5580000)
  object space 1398272K, 87% used [0x0000000080000000,0x00000000cad5b338,0x00000000d5580000)
 Metaspace       used 116736K, committed 120128K, reserved 557056K
  class space    used 15325K, committed 16960K, reserved 425984K
}
Event: 155.501 GC heap before
{Heap before GC invocations=46 (full 6):
 PSYoungGen      total 506368K, used 471076K [0x00000000d5580000, 0x0000000100000000, 0x0000000100000000)
  eden space 367104K, 100% used [0x00000000d5580000,0x00000000ebc00000,0x00000000ebc00000)
  from space 139264K, 74% used [0x00000000f7800000,0x00000000fdd89208,0x0000000100000000)
  to   space 165888K, 0% used [0x00000000ebc00000,0x00000000ebc00000,0x00000000f5e00000)
 ParOldGen       total 1398272K, used 1226591K [0x0000000080000000, 0x00000000d5580000, 0x00000000d5580000)
  object space 1398272K, 87% used [0x0000000080000000,0x00000000cadd7cb0,0x00000000d5580000)
 Metaspace       used 116736K, committed 120128K, reserved 557056K
  class space    used 15325K, committed 16960K, reserved 425984K
}
Event: 155.575 GC heap after
{Heap after GC invocations=46 (full 6):
 PSYoungGen      total 504832K, used 137250K [0x00000000d5580000, 0x0000000100000000, 0x0000000100000000)
  eden space 367104K, 0% used [0x00000000d5580000,0x00000000d5580000,0x00000000ebc00000)
  from space 137728K, 99% used [0x00000000ebc00000,0x00000000f4208b60,0x00000000f4280000)
  to   space 178688K, 0% used [0x00000000f5180000,0x00000000f5180000,0x0000000100000000)
 ParOldGen       total 1398272K, used 1226591K [0x0000000080000000, 0x00000000d5580000, 0x00000000d5580000)
  object space 1398272K, 87% used [0x0000000080000000,0x00000000cadd7cb0,0x00000000d5580000)
 Metaspace       used 116736K, committed 120128K, reserved 557056K
  class space    used 15325K, committed 16960K, reserved 425984K
}
Event: 156.159 GC heap before
{Heap before GC invocations=47 (full 6):
 PSYoungGen      total 504832K, used 504354K [0x00000000d5580000, 0x0000000100000000, 0x0000000100000000)
  eden space 367104K, 100% used [0x00000000d5580000,0x00000000ebc00000,0x00000000ebc00000)
  from space 137728K, 99% used [0x00000000ebc00000,0x00000000f4208b60,0x00000000f4280000)
  to   space 178688K, 0% used [0x00000000f5180000,0x00000000f5180000,0x0000000100000000)
 ParOldGen       total 1398272K, used 1226626K [0x0000000080000000, 0x00000000d5580000, 0x00000000d5580000)
  object space 1398272K, 87% used [0x0000000080000000,0x00000000cade09c0,0x00000000d5580000)
 Metaspace       used 116738K, committed 120128K, reserved 557056K
  class space    used 15325K, committed 16960K, reserved 425984K
}
Event: 156.300 GC heap after
{Heap after GC invocations=47 (full 6):
 PSYoungGen      total 446464K, used 178665K [0x00000000d5580000, 0x0000000100000000, 0x0000000100000000)
  eden space 267776K, 0% used [0x00000000d5580000,0x00000000d5580000,0x00000000e5b00000)
  from space 178688K, 99% used [0x00000000f5180000,0x00000000ffffa400,0x0000000100000000)
  to   space 215552K, 0% used [0x00000000e5b00000,0x00000000e5b00000,0x00000000f2d80000)
 ParOldGen       total 1398272K, used 1258082K [0x0000000080000000, 0x00000000d5580000, 0x00000000d5580000)
  object space 1398272K, 89% used [0x0000000080000000,0x00000000ccc98b40,0x00000000d5580000)
 Metaspace       used 116738K, committed 120128K, reserved 557056K
  class space    used 15325K, committed 16960K, reserved 425984K
}
Event: 156.800 GC heap before
{Heap before GC invocations=48 (full 6):
 PSYoungGen      total 446464K, used 446441K [0x00000000d5580000, 0x0000000100000000, 0x0000000100000000)
  eden space 267776K, 100% used [0x00000000d5580000,0x00000000e5b00000,0x00000000e5b00000)
  from space 178688K, 99% used [0x00000000f5180000,0x00000000ffffa400,0x0000000100000000)
  to   space 215552K, 0% used [0x00000000e5b00000,0x00000000e5b00000,0x00000000f2d80000)
 ParOldGen       total 1398272K, used 1258117K [0x0000000080000000, 0x00000000d5580000, 0x00000000d5580000)
  object space 1398272K, 89% used [0x0000000080000000,0x00000000ccca1718,0x00000000d5580000)
 Metaspace       used 116738K, committed 120128K, reserved 557056K
  class space    used 15325K, committed 16960K, reserved 425984K
}
Event: 156.923 GC heap after
{Heap after GC invocations=48 (full 6):
 PSYoungGen      total 483328K, used 118769K [0x00000000d5580000, 0x0000000100000000, 0x0000000100000000)
  eden space 267776K, 0% used [0x00000000d5580000,0x00000000d5580000,0x00000000e5b00000)
  from space 215552K, 55% used [0x00000000e5b00000,0x00000000ecefc7d8,0x00000000f2d80000)
  to   space 211456K, 0% used [0x00000000f3180000,0x00000000f3180000,0x0000000100000000)
 ParOldGen       total 1398272K, used 1328001K [0x0000000080000000, 0x00000000d5580000, 0x00000000d5580000)
  object space 1398272K, 94% used [0x0000000080000000,0x00000000d10e0578,0x00000000d5580000)
 Metaspace       used 116738K, committed 120128K, reserved 557056K
  class space    used 15325K, committed 16960K, reserved 425984K
}
Event: 156.924 GC heap before
{Heap before GC invocations=49 (full 7):
 PSYoungGen      total 483328K, used 118769K [0x00000000d5580000, 0x0000000100000000, 0x0000000100000000)
  eden space 267776K, 0% used [0x00000000d5580000,0x00000000d5580000,0x00000000e5b00000)
  from space 215552K, 55% used [0x00000000e5b00000,0x00000000ecefc7d8,0x00000000f2d80000)
  to   space 211456K, 0% used [0x00000000f3180000,0x00000000f3180000,0x0000000100000000)
 ParOldGen       total 1398272K, used 1328001K [0x0000000080000000, 0x00000000d5580000, 0x00000000d5580000)
  object space 1398272K, 94% used [0x0000000080000000,0x00000000d10e0578,0x00000000d5580000)
 Metaspace       used 116738K, committed 120128K, reserved 557056K
  class space    used 15325K, committed 16960K, reserved 425984K
}
Event: 160.314 GC heap after
{Heap after GC invocations=49 (full 7):
 PSYoungGen      total 483328K, used 23752K [0x00000000d5580000, 0x00000000ffc00000, 0x0000000100000000)
  eden space 267776K, 0% used [0x00000000d5580000,0x00000000d5580000,0x00000000e5b00000)
  from space 215552K, 11% used [0x00000000e5b00000,0x00000000e7232380,0x00000000f2d80000)
  to   space 211456K, 0% used [0x00000000f2d80000,0x00000000f2d80000,0x00000000ffc00000)
 ParOldGen       total 1398272K, used 1397888K [0x0000000080000000, 0x00000000d5580000, 0x00000000d5580000)
  object space 1398272K, 99% used [0x0000000080000000,0x00000000d5520180,0x00000000d5580000)
 Metaspace       used 116738K, committed 120128K, reserved 557056K
  class space    used 15325K, committed 16960K, reserved 425984K
}
Event: 160.810 GC heap before
{Heap before GC invocations=50 (full 8):
 PSYoungGen      total 483328K, used 291528K [0x00000000d5580000, 0x00000000ffc00000, 0x0000000100000000)
  eden space 267776K, 100% used [0x00000000d5580000,0x00000000e5b00000,0x00000000e5b00000)
  from space 215552K, 11% used [0x00000000e5b00000,0x00000000e7232380,0x00000000f2d80000)
  to   space 211456K, 0% used [0x00000000f2d80000,0x00000000f2d80000,0x00000000ffc00000)
 ParOldGen       total 1398272K, used 1397904K [0x0000000080000000, 0x00000000d5580000, 0x00000000d5580000)
  object space 1398272K, 99% used [0x0000000080000000,0x00000000d5524190,0x00000000d5580000)
 Metaspace       used 116738K, committed 120128K, reserved 557056K
  class space    used 15325K, committed 16960K, reserved 425984K
}
Event: 162.515 GC heap after
{Heap after GC invocations=50 (full 8):
 PSYoungGen      total 479232K, used 46341K [0x00000000d5580000, 0x00000000ffc00000, 0x0000000100000000)
  eden space 267776K, 17% used [0x00000000d5580000,0x00000000d82c1590,0x00000000e5b00000)
  from space 211456K, 0% used [0x00000000f2d80000,0x00000000f2d80000,0x00000000ffc00000)
  to   space 215552K, 0% used [0x00000000e5b00000,0x00000000e5b00000,0x00000000f2d80000)
 ParOldGen       total 1398272K, used 1398269K [0x0000000080000000, 0x00000000d5580000, 0x00000000d5580000)
  object space 1398272K, 99% used [0x0000000080000000,0x00000000d557f728,0x00000000d5580000)
 Metaspace       used 116738K, committed 120128K, reserved 557056K
  class space    used 15325K, committed 16960K, reserved 425984K
}
Event: 163.195 GC heap before
{Heap before GC invocations=51 (full 9):
 PSYoungGen      total 479232K, used 267776K [0x00000000d5580000, 0x00000000ffc00000, 0x0000000100000000)
  eden space 267776K, 100% used [0x00000000d5580000,0x00000000e5b00000,0x00000000e5b00000)
  from space 211456K, 0% used [0x00000000f2d80000,0x00000000f2d80000,0x00000000ffc00000)
  to   space 215552K, 0% used [0x00000000e5b00000,0x00000000e5b00000,0x00000000f2d80000)
 ParOldGen       total 1398272K, used 1398271K [0x0000000080000000, 0x00000000d5580000, 0x00000000d5580000)
  object space 1398272K, 99% used [0x0000000080000000,0x00000000d557ffa0,0x00000000d5580000)
 Metaspace       used 116819K, committed 120192K, reserved 557056K
  class space    used 15329K, committed 16960K, reserved 425984K
}
Event: 164.277 GC heap after
{Heap after GC invocations=51 (full 9):
 PSYoungGen      total 483328K, used 54065K [0x00000000d5580000, 0x00000000ffc00000, 0x0000000100000000)
  eden space 267776K, 20% used [0x00000000d5580000,0x00000000d8a4c518,0x00000000e5b00000)
  from space 215552K, 0% used [0x00000000e5b00000,0x00000000e5b00000,0x00000000f2d80000)
  to   space 211456K, 0% used [0x00000000f2d80000,0x00000000f2d80000,0x00000000ffc00000)
 ParOldGen       total 1398272K, used 1398217K [0x0000000080000000, 0x00000000d5580000, 0x00000000d5580000)
  object space 1398272K, 99% used [0x0000000080000000,0x00000000d5572710,0x00000000d5580000)
 Metaspace       used 116819K, committed 120192K, reserved 557056K
  class space    used 15329K, committed 16960K, reserved 425984K
}
Event: 166.989 GC heap before
{Heap before GC invocations=52 (full 10):
 PSYoungGen      total 483328K, used 267776K [0x00000000d5580000, 0x00000000ffc00000, 0x0000000100000000)
  eden space 267776K, 100% used [0x00000000d5580000,0x00000000e5b00000,0x00000000e5b00000)
  from space 215552K, 0% used [0x00000000e5b00000,0x00000000e5b00000,0x00000000f2d80000)
  to   space 211456K, 0% used [0x00000000f2d80000,0x00000000f2d80000,0x00000000ffc00000)
 ParOldGen       total 1398272K, used 1398217K [0x0000000080000000, 0x00000000d5580000, 0x00000000d5580000)
  object space 1398272K, 99% used [0x0000000080000000,0x00000000d5572710,0x00000000d5580000)
 Metaspace       used 116872K, committed 120256K, reserved 557056K
  class space    used 15330K, committed 16960K, reserved 425984K
}
Event: 168.925 GC heap after
{Heap after GC invocations=52 (full 10):
 PSYoungGen      total 483328K, used 0K [0x00000000d5580000, 0x00000000ffc00000, 0x0000000100000000)
  eden space 271872K, 0% used [0x00000000d5580000,0x00000000d5580000,0x00000000e5f00000)
  from space 211456K, 0% used [0x00000000f2d80000,0x00000000f2d80000,0x00000000ffc00000)
  to   space 211456K, 0% used [0x00000000e5f00000,0x00000000e5f00000,0x00000000f2d80000)
 ParOldGen       total 1398272K, used 1258113K [0x0000000080000000, 0x00000000d5580000, 0x00000000d5580000)
  object space 1398272K, 89% used [0x0000000080000000,0x00000000ccca0798,0x00000000d5580000)
 Metaspace       used 116872K, committed 120256K, reserved 557056K
  class space    used 15330K, committed 16960K, reserved 425984K
}
Event: 175.438 GC heap before
{Heap before GC invocations=53 (full 10):
 PSYoungGen      total 483328K, used 271872K [0x00000000d5580000, 0x00000000ffc00000, 0x0000000100000000)
  eden space 271872K, 100% used [0x00000000d5580000,0x00000000e5f00000,0x00000000e5f00000)
  from space 211456K, 0% used [0x00000000f2d80000,0x00000000f2d80000,0x00000000ffc00000)
  to   space 211456K, 0% used [0x00000000e5f00000,0x00000000e5f00000,0x00000000f2d80000)
 ParOldGen       total 1398272K, used 1258113K [0x0000000080000000, 0x00000000d5580000, 0x00000000d5580000)
  object space 1398272K, 89% used [0x0000000080000000,0x00000000ccca0798,0x00000000d5580000)
 Metaspace       used 121021K, committed 124480K, reserved 557056K
  class space    used 15760K, committed 17408K, reserved 425984K
}
Event: 175.451 GC heap after
{Heap after GC invocations=53 (full 10):
 PSYoungGen      total 278528K, used 6500K [0x00000000d5580000, 0x0000000100000000, 0x0000000100000000)
  eden space 271872K, 0% used [0x00000000d5580000,0x00000000d5580000,0x00000000e5f00000)
  from space 6656K, 97% used [0x00000000e5f00000,0x00000000e6559160,0x00000000e6580000)
  to   space 216064K, 0% used [0x00000000f2d00000,0x00000000f2d00000,0x0000000100000000)
 ParOldGen       total 1398272K, used 1258129K [0x0000000080000000, 0x00000000d5580000, 0x00000000d5580000)
  object space 1398272K, 89% used [0x0000000080000000,0x00000000ccca4798,0x00000000d5580000)
 Metaspace       used 121021K, committed 124480K, reserved 557056K
  class space    used 15760K, committed 17408K, reserved 425984K
}

